<?xml version="1.0" encoding="utf-8"?><testsuites name="pytest tests"><testsuite name="pytest" errors="0" failures="0" skipped="0" tests="20" time="3.001" timestamp="2026-06-04T15:53:05.883857+00:00" hostname="agent-env-9d8e3af8-4957-4bcc-9c37-4e3e8d96179d"><testcase classname="backend.tests.backend_test" name="test_root" time="0.277" /><testcase classname="backend.tests.backend_test" name="test_stats_has_seed" time="0.059" /><testcase classname="backend.tests.backend_test" name="test_list_posts_all" time="0.054" /><testcase classname="backend.tests.backend_test" name="test_list_posts_category_filter" time="0.060" /><testcase classname="backend.tests.backend_test" name="test_list_posts_empty_category" time="0.061" /><testcase classname="backend.tests.backend_test" name="test_list_posts_sort_price_asc" time="0.060" /><testcase classname="backend.tests.backend_test" name="test_list_posts_sort_discount" time="0.058" /><testcase classname="backend.tests.backend_test" name="test_list_posts_sort_popular" time="0.067" /><testcase classname="backend.tests.backend_test" name="test_list_posts_search_q" time="0.059" /><testcase classname="backend.tests.backend_test" name="test_get_post_by_id" time="0.145" /><testcase classname="backend.tests.backend_test" name="test_get_post_404" time="0.061" /><testcase classname="backend.tests.backend_test" name="test_scrape_example_com_returns_200" time="0.169" /><testcase classname="backend.tests.backend_test" name="test_scrape_invalid_url" time="0.048" /><testcase classname="backend.tests.backend_test" name="test_scrape_aliexpress_returns_image_and_title" time="1.115" /><testcase classname="backend.tests.backend_test" name="test_create_post_computes_discount_and_persists" time="0.105" /><testcase classname="backend.tests.backend_test" name="test_create_post_invalid_url" time="0.059" /><testcase classname="backend.tests.backend_test" name="test_create_post_unknown_category_defaults_outros" time="0.065" /><testcase classname="backend.tests.backend_test" name="test_join_and_like_increment" time="0.295" /><testcase classname="backend.tests.backend_test" name="test_join_404" time="0.061" /><testcase classname="backend.tests.backend_test" name="test_like_404" time="0.054" /></testsuite></testsuites>