<?xml version="1.0" encoding="utf-8"?><testsuites name="pytest tests"><testsuite name="pytest" errors="0" failures="0" skipped="0" tests="19" time="1.506" timestamp="2026-06-04T12:49:10.569794+00:00" hostname="agent-env-9d8e3af8-4957-4bcc-9c37-4e3e8d96179d"><testcase classname="backend.tests.backend_test" name="test_root" time="0.260" /><testcase classname="backend.tests.backend_test" name="test_stats_has_seed" time="0.047" /><testcase classname="backend.tests.backend_test" name="test_list_posts_all" time="0.048" /><testcase classname="backend.tests.backend_test" name="test_list_posts_category_filter" time="0.048" /><testcase classname="backend.tests.backend_test" name="test_list_posts_empty_category" time="0.045" /><testcase classname="backend.tests.backend_test" name="test_list_posts_sort_price_asc" time="0.044" /><testcase classname="backend.tests.backend_test" name="test_list_posts_sort_discount" time="0.047" /><testcase classname="backend.tests.backend_test" name="test_list_posts_sort_popular" time="0.043" /><testcase classname="backend.tests.backend_test" name="test_list_posts_search_q" time="0.045" /><testcase classname="backend.tests.backend_test" name="test_get_post_by_id" time="0.092" /><testcase classname="backend.tests.backend_test" name="test_get_post_404" time="0.045" /><testcase classname="backend.tests.backend_test" name="test_scrape_example_com_returns_200" time="0.130" /><testcase classname="backend.tests.backend_test" name="test_scrape_invalid_url" time="0.043" /><testcase classname="backend.tests.backend_test" name="test_create_post_computes_discount_and_persists" time="0.092" /><testcase classname="backend.tests.backend_test" name="test_create_post_invalid_url" time="0.044" /><testcase classname="backend.tests.backend_test" name="test_create_post_unknown_category_defaults_outros" time="0.049" /><testcase classname="backend.tests.backend_test" name="test_join_and_like_increment" time="0.219" /><testcase classname="backend.tests.backend_test" name="test_join_404" time="0.046" /><testcase classname="backend.tests.backend_test" name="test_like_404" time="0.045" /></testsuite></testsuites>